#
# There is insufficient memory for the Java Runtime Environment to continue.
# Native memory allocation (malloc) failed to allocate 1014096 bytes for Chunk::new
# Possible reasons:
#   The system is out of physical RAM or swap space
#   The process is running with CompressedOops enabled, and the Java Heap may be blocking the growth of the native heap
# Possible solutions:
#   Reduce memory load on the system
#   Increase physical memory or swap space
#   Check if swap backing store is full
#   Decrease Java heap size (-Xmx/-Xms)
#   Decrease number of Java threads
#   Decrease Java thread stack sizes (-Xss)
#   Set larger code cache with -XX:ReservedCodeCacheSize=
#   JVM is running with Unscaled Compressed Oops mode in which the Java heap is
#     placed in the first 4GB address space. The Java Heap base address is the
#     maximum limit for the native heap growth. Please use -XX:HeapBaseMinAddress
#     to set the Java Heap base and to place the Java Heap above 4GB virtual address.
# This output file may be truncated or incomplete.
#
#  Out of Memory Error (allocation.cpp:389), pid=13032, tid=0x0000000000003be8
#
# JRE version: OpenJDK Runtime Environment (8.0) (build 1.8.0-25-microsoft-b00)
# Java VM: OpenJDK 64-Bit Server VM (25.71-b00 mixed mode windows-amd64 compressed oops)
# Failed to write core dump. Minidumps are not enabled by default on client versions of Windows
#

---------------  T H R E A D  ---------------

Current thread (0x0000000017106800):  JavaThread "C2 CompilerThread0" daemon [_thread_in_native, id=15336, stack(0x00000000179e0000,0x0000000017ae0000)]

Stack: [0x00000000179e0000,0x0000000017ae0000]
[error occurred during error reporting (printing stack bounds), id 0xc0000005]

Native frames: (J=compiled Java code, j=interpreted, Vv=VM code, C=native code)


Current CompileTask:
C2:   4445 2399       4       com.android.dx.ssa.SsaInsn::mapRegisters (35 bytes)


---------------  P R O C E S S  ---------------

Java Threads: ( => current thread )
  0x00000000173cb800 JavaThread "pool-2-thread-1" [_thread_blocked, id=13544, stack(0x00000000188e0000,0x00000000189e0000)]
  0x00000000173c3800 JavaThread "pool-1-thread-1" [_thread_blocked, id=4608, stack(0x00000000187e0000,0x00000000188e0000)]
  0x0000000017158800 JavaThread "Service Thread" daemon [_thread_blocked, id=8340, stack(0x0000000017de0000,0x0000000017ee0000)]
  0x000000001710f800 JavaThread "C1 CompilerThread3" daemon [_thread_blocked, id=12616, stack(0x0000000017ce0000,0x0000000017de0000)]
  0x0000000017119000 JavaThread "C2 CompilerThread2" daemon [_thread_in_native, id=14668, stack(0x0000000017be0000,0x0000000017ce0000)]
  0x0000000017108000 JavaThread "C2 CompilerThread1" daemon [_thread_in_native, id=11520, stack(0x0000000017ae0000,0x0000000017be0000)]
=>0x0000000017106800 JavaThread "C2 CompilerThread0" daemon [_thread_in_native, id=15336, stack(0x00000000179e0000,0x0000000017ae0000)]
  0x0000000017116000 JavaThread "Attach Listener" daemon [_thread_blocked, id=6472, stack(0x00000000178e0000,0x00000000179e0000)]
  0x0000000017115000 JavaThread "Signal Dispatcher" daemon [_thread_blocked, id=14484, stack(0x00000000177e0000,0x00000000178e0000)]
  0x0000000017101800 JavaThread "Finalizer" daemon [_thread_blocked, id=10228, stack(0x00000000175e0000,0x00000000176e0000)]
  0x00000000027c6800 JavaThread "Reference Handler" daemon [_thread_blocked, id=892, stack(0x00000000174e0000,0x00000000175e0000)]
  0x00000000026d2800 JavaThread "main" [_thread_in_Java, id=11052, stack(0x00000000025d0000,0x00000000026d0000)]

Other Threads:
  0x00000000152e8800 VMThread [stack: 0x0000000016fe0000,0x00000000170e0000] [id=10328]
  0x0000000017159000 WatcherThread [stack: 0x0000000017ee0000,0x0000000017fe0000] [id=6616]

VM state:not at safepoint (normal execution)

VM Mutex/Monitor currently owned by a thread: None

heap address: 0x00000000c0000000, size: 1024 MB, Compressed Oops mode: 32-bit
Narrow klass base: 0x0000000000000000, Narrow klass shift: 3
Compressed class space size: 1073741824 Address: 0x0000000100000000

Heap:
 PSYoungGen      total 281600K, used 91949K [0x00000000eab00000, 0x0000000100000000, 0x0000000100000000)
  eden space 225280K, 19% used [0x00000000eab00000,0x00000000ed5fd570,0x00000000f8700000)
  from space 56320K, 85% used [0x00000000fc900000,0x00000000ff7cdf68,0x0000000100000000)
  to   space 61952K, 0% used [0x00000000f8700000,0x00000000f8700000,0x00000000fc380000)
 ParOldGen       total 175104K, used 96352K [0x00000000c0000000, 0x00000000cab00000, 0x00000000eab00000)
  object space 175104K, 55% used [0x00000000c0000000,0x00000000c5e18028,0x00000000cab00000)
 Metaspace       used 6532K, capacity 7280K, committed 7552K, reserved 1056768K
  class space    used 596K, capacity 616K, committed 640K, reserved 1048576K

Card table byte_map: [0x0000000011b90000,0x0000000011da0000] byte_map_base: 0x0000000011590000

Marking Bits: (ParMarkBitMap*) 0x0000000077ba8f30
 Begin Bits: [0x0000000012700000, 0x0000000013700000)
 End Bits:   [0x0000000013700000, 0x0000000014700000)

Polling page: 0x0000000000ba0000

CodeCache: size=245760Kb used=11326Kb max_used=11326Kb free=234433Kb
 bounds [0x00000000027d0000, 0x0000000003300000, 0x00000000117d0000]
 total_blobs=2595 nmethods=2324 adapters=184
 compilation: enabled

Compilation events (10 events):
Event: 4.325 Thread 0x0000000017108000 nmethod 2445% 0x00000000032a5d50 code [0x00000000032a5fc0, 0x00000000032a7da8]
Event: 4.325 Thread 0x0000000017108000 2447   !   4       com.android.dx.cf.code.Ropper::processBlock (1101 bytes)
Event: 4.372 Thread 0x000000001710f800 2457       1       java.lang.ref.Finalizer::access$000 (4 bytes)
Event: 4.372 Thread 0x000000001710f800 nmethod 2457 0x0000000003078050 code [0x00000000030781a0, 0x0000000003078290]
Event: 4.374 Thread 0x0000000017119000 nmethod 2416 0x00000000032e5910 code [0x00000000032e5bc0, 0x00000000032e83c8]
Event: 4.374 Thread 0x0000000017119000 2429       4       com.android.dx.cf.code.BaseMachine::storeResults (90 bytes)
Event: 4.380 Thread 0x0000000017119000 nmethod 2429 0x000000000326cb90 code [0x000000000326cd20, 0x000000000326d238]
Event: 4.380 Thread 0x0000000017119000 2454       4       com.android.dx.ssa.SsaMethod::getExitBlock (26 bytes)
Event: 4.381 Thread 0x0000000017119000 nmethod 2454 0x00000000032a5950 code [0x00000000032a5aa0, 0x00000000032a5b98]
Event: 4.381 Thread 0x0000000017119000 2456       4       com.android.dx.ssa.SsaMethod::deleteInsns (239 bytes)

GC Heap History (10 events):
Event: 1.174 GC heap before
{Heap before GC invocations=2 (full 0):
 PSYoungGen      total 76288K, used 76261K [0x00000000eab00000, 0x00000000f4000000, 0x0000000100000000)
  eden space 65536K, 100% used [0x00000000eab00000,0x00000000eeb00000,0x00000000eeb00000)
  from space 10752K, 99% used [0x00000000eeb00000,0x00000000ef579598,0x00000000ef580000)
  to   space 10752K, 0% used [0x00000000f3580000,0x00000000f3580000,0x00000000f4000000)
 ParOldGen       total 175104K, used 864K [0x00000000c0000000, 0x00000000cab00000, 0x00000000eab00000)
  object space 175104K, 0% used [0x00000000c0000000,0x00000000c00d81f8,0x00000000cab00000)
 Metaspace       used 6092K, capacity 7024K, committed 7296K, reserved 1056768K
  class space    used 561K, capacity 616K, committed 640K, reserved 1048576K
Event: 1.190 GC heap after
Heap after GC invocations=2 (full 0):
 PSYoungGen      total 141824K, used 10738K [0x00000000eab00000, 0x00000000f4000000, 0x0000000100000000)
  eden space 131072K, 0% used [0x00000000eab00000,0x00000000eab00000,0x00000000f2b00000)
  from space 10752K, 99% used [0x00000000f3580000,0x00000000f3ffcb08,0x00000000f4000000)
  to   space 10752K, 0% used [0x00000000f2b00000,0x00000000f2b00000,0x00000000f3580000)
 ParOldGen       total 175104K, used 11680K [0x00000000c0000000, 0x00000000cab00000, 0x00000000eab00000)
  object space 175104K, 6% used [0x00000000c0000000,0x00000000c0b68010,0x00000000cab00000)
 Metaspace       used 6092K, capacity 7024K, committed 7296K, reserved 1056768K
  class space    used 561K, capacity 616K, committed 640K, reserved 1048576K
}
Event: 1.568 GC heap before
{Heap before GC invocations=3 (full 0):
 PSYoungGen      total 141824K, used 141810K [0x00000000eab00000, 0x00000000f4000000, 0x0000000100000000)
  eden space 131072K, 100% used [0x00000000eab00000,0x00000000f2b00000,0x00000000f2b00000)
  from space 10752K, 99% used [0x00000000f3580000,0x00000000f3ffcb08,0x00000000f4000000)
  to   space 10752K, 0% used [0x00000000f2b00000,0x00000000f2b00000,0x00000000f3580000)
 ParOldGen       total 175104K, used 11680K [0x00000000c0000000, 0x00000000cab00000, 0x00000000eab00000)
  object space 175104K, 6% used [0x00000000c0000000,0x00000000c0b68010,0x00000000cab00000)
 Metaspace       used 6160K, capacity 7088K, committed 7296K, reserved 1056768K
  class space    used 561K, capacity 616K, committed 640K, reserved 1048576K
Event: 1.600 GC heap after
Heap after GC invocations=3 (full 0):
 PSYoungGen      total 141824K, used 10724K [0x00000000eab00000, 0x00000000fc000000, 0x0000000100000000)
  eden space 131072K, 0% used [0x00000000eab00000,0x00000000eab00000,0x00000000f2b00000)
  from space 10752K, 99% used [0x00000000f2b00000,0x00000000f35792d8,0x00000000f3580000)
  to   space 10752K, 0% used [0x00000000fb580000,0x00000000fb580000,0x00000000fc000000)
 ParOldGen       total 175104K, used 38106K [0x00000000c0000000, 0x00000000cab00000, 0x00000000eab00000)
  object space 175104K, 21% used [0x00000000c0000000,0x00000000c25369a8,0x00000000cab00000)
 Metaspace       used 6160K, capacity 7088K, committed 7296K, reserved 1056768K
  class space    used 561K, capacity 616K, committed 640K, reserved 1048576K
}
Event: 2.403 GC heap before
{Heap before GC invocations=4 (full 0):
 PSYoungGen      total 141824K, used 141796K [0x00000000eab00000, 0x00000000fc000000, 0x0000000100000000)
  eden space 131072K, 100% used [0x00000000eab00000,0x00000000f2b00000,0x00000000f2b00000)
  from space 10752K, 99% used [0x00000000f2b00000,0x00000000f35792d8,0x00000000f3580000)
  to   space 10752K, 0% used [0x00000000fb580000,0x00000000fb580000,0x00000000fc000000)
 ParOldGen       total 175104K, used 38106K [0x00000000c0000000, 0x00000000cab00000, 0x00000000eab00000)
  object space 175104K, 21% used [0x00000000c0000000,0x00000000c25369a8,0x00000000cab00000)
 Metaspace       used 6471K, capacity 7216K, committed 7296K, reserved 1056768K
  class space    used 596K, capacity 616K, committed 640K, reserved 1048576K
Event: 2.439 GC heap after
Heap after GC invocations=4 (full 0):
 PSYoungGen      total 272896K, used 10749K [0x00000000eab00000, 0x00000000fc000000, 0x0000000100000000)
  eden space 262144K, 0% used [0x00000000eab00000,0x00000000eab00000,0x00000000fab00000)
  from space 10752K, 99% used [0x00000000fb580000,0x00000000fbfff5d0,0x00000000fc000000)
  to   space 10752K, 0% used [0x00000000fab00000,0x00000000fab00000,0x00000000fb580000)
 ParOldGen       total 175104K, used 58293K [0x00000000c0000000, 0x00000000cab00000, 0x00000000eab00000)
  object space 175104K, 33% used [0x00000000c0000000,0x00000000c38ed4f8,0x00000000cab00000)
 Metaspace       used 6471K, capacity 7216K, committed 7296K, reserved 1056768K
  class space    used 596K, capacity 616K, committed 640K, reserved 1048576K
}
Event: 3.425 GC heap before
{Heap before GC invocations=5 (full 0):
 PSYoungGen      total 272896K, used 272893K [0x00000000eab00000, 0x00000000fc000000, 0x0000000100000000)
  eden space 262144K, 100% used [0x00000000eab00000,0x00000000fab00000,0x00000000fab00000)
  from space 10752K, 99% used [0x00000000fb580000,0x00000000fbfff5d0,0x00000000fc000000)
  to   space 10752K, 0% used [0x00000000fab00000,0x00000000fab00000,0x00000000fb580000)
 ParOldGen       total 175104K, used 58293K [0x00000000c0000000, 0x00000000cab00000, 0x00000000eab00000)
  object space 175104K, 33% used [0x00000000c0000000,0x00000000c38ed4f8,0x00000000cab00000)
 Metaspace       used 6518K, capacity 7216K, committed 7296K, reserved 1056768K
  class space    used 596K, capacity 616K, committed 640K, reserved 1048576K
Event: 3.467 GC heap after
Heap after GC invocations=5 (full 0):
 PSYoungGen      total 272896K, used 10737K [0x00000000eab00000, 0x0000000100000000, 0x0000000100000000)
  eden space 262144K, 0% used [0x00000000eab00000,0x00000000eab00000,0x00000000fab00000)
  from space 10752K, 99% used [0x00000000fab00000,0x00000000fb57c698,0x00000000fb580000)
  to   space 56320K, 0% used [0x00000000fc900000,0x00000000fc900000,0x0000000100000000)
 ParOldGen       total 175104K, used 96344K [0x00000000c0000000, 0x00000000cab00000, 0x00000000eab00000)
  object space 175104K, 55% used [0x00000000c0000000,0x00000000c5e16028,0x00000000cab00000)
 Metaspace       used 6518K, capacity 7216K, committed 7296K, reserved 1056768K
  class space    used 596K, capacity 616K, committed 640K, reserved 1048576K
}
Event: 4.334 GC heap before
{Heap before GC invocations=6 (full 0):
 PSYoungGen      total 272896K, used 272881K [0x00000000eab00000, 0x0000000100000000, 0x0000000100000000)
  eden space 262144K, 100% used [0x00000000eab00000,0x00000000fab00000,0x00000000fab00000)
  from space 10752K, 99% used [0x00000000fab00000,0x00000000fb57c698,0x00000000fb580000)
  to   space 56320K, 0% used [0x00000000fc900000,0x00000000fc900000,0x0000000100000000)
 ParOldGen       total 175104K, used 96344K [0x00000000c0000000, 0x00000000cab00000, 0x00000000eab00000)
  object space 175104K, 55% used [0x00000000c0000000,0x00000000c5e16028,0x00000000cab00000)
 Metaspace       used 6530K, capacity 7280K, committed 7552K, reserved 1056768K
  class space    used 596K, capacity 616K, committed 640K, reserved 1048576K
Event: 4.372 GC heap after
Heap after GC invocations=6 (full 0):
 PSYoungGen      total 281600K, used 47927K [0x00000000eab00000, 0x0000000100000000, 0x0000000100000000)
  eden space 225280K, 0% used [0x00000000eab00000,0x00000000eab00000,0x00000000f8700000)
  from space 56320K, 85% used [0x00000000fc900000,0x00000000ff7cdf68,0x0000000100000000)
  to   space 61952K, 0% used [0x00000000f8700000,0x00000000f8700000,0x00000000fc380000)
 ParOldGen       total 175104K, used 96352K [0x00000000c0000000, 0x00000000cab00000, 0x00000000eab00000)
  object space 175104K, 55% used [0x00000000c0000000,0x00000000c5e18028,0x00000000cab00000)
 Metaspace       used 6530K, capacity 7280K, committed 7552K, reserved 1056768K
  class space    used 596K, capacity 616K, committed 640K, reserved 1048576K
}

Deoptimization events (10 events):
Event: 3.216 Thread 0x00000000173c3800 Uncommon trap: reason=unstable_if action=reinterpret pc=0x0000000002a9a444 method=com.android.dx.ssa.SsaMethod.getExitBlock()Lcom/android/dx/ssa/SsaBasicBlock; @ 4
Event: 3.216 Thread 0x00000000173c3800 Uncommon trap: reason=unstable_if action=reinterpret pc=0x0000000002a110f4 method=com.android.dx.ssa.SsaMethod.getExitBlock()Lcom/android/dx/ssa/SsaBasicBlock; @ 4
Event: 3.485 Thread 0x00000000026d2800 Uncommon trap: reason=unstable_if action=reinterpret pc=0x00000000031fd370 method=com.android.dx.rop.code.RegisterSpec.equals(ILcom/android/dx/rop/type/TypeBearer;Lcom/android/dx/rop/code/LocalItem;)Z @ 42
Event: 3.509 Thread 0x00000000026d2800 Uncommon trap: reason=unstable_if action=reinterpret pc=0x00000000031f2300 method=com.android.dx.ssa.DomFront.calcDomFronts()V @ 106
Event: 3.611 Thread 0x00000000173c3800 Uncommon trap: reason=unstable_if action=reinterpret pc=0x0000000003228834 method=com.android.dx.ssa.NormalSsaInsn.getLocalAssignment()Lcom/android/dx/rop/code/RegisterSpec; @ 12
Event: 3.774 Thread 0x00000000026d2800 Uncommon trap: reason=speculate_class_check action=maybe_recompile pc=0x000000000323c714 method=com.android.dx.ssa.SsaInsn.mapRegisters(Lcom/android/dx/ssa/RegisterMapper;)V @ 31
Event: 3.776 Thread 0x00000000026d2800 Uncommon trap: reason=speculate_class_check action=maybe_recompile pc=0x000000000323c714 method=com.android.dx.ssa.SsaInsn.mapRegisters(Lcom/android/dx/ssa/RegisterMapper;)V @ 31
Event: 3.777 Thread 0x00000000026d2800 Uncommon trap: reason=speculate_class_check action=maybe_recompile pc=0x000000000323c714 method=com.android.dx.ssa.SsaInsn.mapRegisters(Lcom/android/dx/ssa/RegisterMapper;)V @ 31
Event: 3.779 Thread 0x00000000026d2800 Uncommon trap: reason=speculate_class_check action=maybe_recompile pc=0x000000000323c714 method=com.android.dx.ssa.SsaInsn.mapRegisters(Lcom/android/dx/ssa/RegisterMapper;)V @ 31
Event: 3.818 Thread 0x00000000026d2800 Uncommon trap: reason=unstable_if action=reinterpret pc=0x000000000322d528 method=com.android.dx.ssa.SsaConverter.edgeSplitMoveExceptionsAndResults(Lcom/android/dx/ssa/SsaMethod;)V @ 57

Classes redefined (0 events):
No events

Internal exceptions (7 events):
Event: 0.126 Thread 0x00000000026d2800 Exception <a 'java/lang/NoSuchMethodError': Method sun.misc.Unsafe.defineClass(Ljava/lang/String;[BII)Ljava/lang/Class; name or signature does not match> (0x00000000eab07cb0) thrown at [D:\j\worksp~1\openjd~3\jdk8u\hotspot\src\share\vm\prims\jni.cpp, line
Event: 0.126 Thread 0x00000000026d2800 Exception <a 'java/lang/NoSuchMethodError': Method sun.misc.Unsafe.prefetchRead(Ljava/lang/Object;J)V name or signature does not match> (0x00000000eab07f98) thrown at [D:\j\worksp~1\openjd~3\jdk8u\hotspot\src\share\vm\prims\jni.cpp, line 4012]
Event: 1.642 Thread 0x00000000026d2800 Exception <a 'java/lang/ArrayIndexOutOfBoundsException': 18> (0x00000000eb5d9de0) thrown at [D:\j\worksp~1\openjd~3\jdk8u\hotspot\src\share\vm\interpreter\interpreterRuntime.cpp, line 368]
Event: 1.642 Thread 0x00000000026d2800 Exception <a 'java/lang/ArrayIndexOutOfBoundsException': 145> (0x00000000eb5db960) thrown at [D:\j\worksp~1\openjd~3\jdk8u\hotspot\src\share\vm\interpreter\interpreterRuntime.cpp, line 368]
Event: 1.643 Thread 0x00000000026d2800 Exception <a 'java/lang/ArrayIndexOutOfBoundsException'> (0x00000000eb5dcc48) thrown at [D:\j\worksp~1\openjd~3\jdk8u\hotspot\src\share\vm\runtime\sharedRuntime.cpp, line 605]
Event: 2.018 Thread 0x00000000026d2800 Implicit null exception at 0x0000000002a51522 to 0x0000000002a5161a
Event: 2.339 Thread 0x00000000026d2800 Implicit null exception at 0x0000000002ecd2fe to 0x0000000002ecdbb9

Events (10 events):
Event: 4.329 Thread 0x00000000026d2800 DEOPT PACKING pc=0x00000000031bbf86 sp=0x00000000026ce080
Event: 4.329 Thread 0x00000000026d2800 DEOPT UNPACKING pc=0x00000000028175d0 sp=0x00000000026cde80 mode 0
Event: 4.334 Executing VM operation: ParallelGCFailedAllocation
Event: 4.372 Executing VM operation: ParallelGCFailedAllocation done
Event: 4.378 Thread 0x00000000026d2800 DEOPT PACKING pc=0x00000000032378a0 sp=0x00000000026ce200
Event: 4.378 Thread 0x00000000026d2800 DEOPT UNPACKING pc=0x00000000028175d0 sp=0x00000000026cdf90 mode 0
Event: 4.381 Thread 0x00000000173c3800 DEOPT PACKING pc=0x00000000032160ce sp=0x00000000188de5e0
Event: 4.381 Thread 0x00000000173c3800 DEOPT UNPACKING pc=0x00000000028175d0 sp=0x00000000188de348 mode 0
Event: 4.400 Thread 0x00000000026d2800 DEOPT PACKING pc=0x00000000031bbf86 sp=0x00000000026ce080
Event: 4.400 Thread 0x00000000026d2800 DEOPT UNPACKING pc=0x00000000028175d0 sp=0x00000000026cde80 mode 0


Dynamic libraries:
0x00007ff6b2e30000 - 0x00007ff6b2e65000 	C:\Program Files\Android\jdk\microsoft_dist_openjdk_1.8.0.25\bin\java.exe
0x00007fff21ac0000 - 0x00007fff21cb0000 	C:\WINDOWS\SYSTEM32\ntdll.dll
0x00007fff203a0000 - 0x00007fff20452000 	C:\WINDOWS\System32\KERNEL32.DLL
0x00007fff1f6e0000 - 0x00007fff1f983000 	C:\WINDOWS\System32\KERNELBASE.dll
0x00007fff20280000 - 0x00007fff20323000 	C:\WINDOWS\System32\ADVAPI32.dll
0x00007fff20570000 - 0x00007fff2060e000 	C:\WINDOWS\System32\msvcrt.dll
0x00007fff201e0000 - 0x00007fff20277000 	C:\WINDOWS\System32\sechost.dll
0x00007fff21900000 - 0x00007fff21a20000 	C:\WINDOWS\System32\RPCRT4.dll
0x00007fff1fc50000 - 0x00007fff1fde3000 	C:\WINDOWS\System32\USER32.dll
0x00007fff1ea50000 - 0x00007fff1ea71000 	C:\WINDOWS\System32\win32u.dll
0x00007fff1fe80000 - 0x00007fff1fea6000 	C:\WINDOWS\System32\GDI32.dll
0x00007fff1ec40000 - 0x00007fff1edd4000 	C:\WINDOWS\System32\gdi32full.dll
0x00007fff1eba0000 - 0x00007fff1ec3e000 	C:\WINDOWS\System32\msvcp_win.dll
0x00007fff1eaa0000 - 0x00007fff1eb9a000 	C:\WINDOWS\System32\ucrtbase.dll
0x00007ffefac90000 - 0x00007ffefaf15000 	C:\WINDOWS\WinSxS\amd64_microsoft.windows.common-controls_6595b64144ccf1df_6.0.18362.175_none_e6c3ab1f131014c9\COMCTL32.dll
0x00007fff20610000 - 0x00007fff20946000 	C:\WINDOWS\System32\combase.dll
0x00007fff1faf0000 - 0x00007fff1fb71000 	C:\WINDOWS\System32\bcryptPrimitives.dll
0x00007fff217b0000 - 0x00007fff217de000 	C:\WINDOWS\System32\IMM32.DLL
0x00000000500d0000 - 0x00000000501a1000 	C:\Program Files\Android\jdk\microsoft_dist_openjdk_1.8.0.25\jre\bin\msvcr100.dll
0x00000000773e0000 - 0x0000000077c25000 	C:\Program Files\Android\jdk\microsoft_dist_openjdk_1.8.0.25\jre\bin\server\jvm.dll
0x00007fff1ff30000 - 0x00007fff1ff38000 	C:\WINDOWS\System32\PSAPI.DLL
0x00007fff14230000 - 0x00007fff14239000 	C:\WINDOWS\SYSTEM32\WSOCK32.dll
0x00007fff1c1f0000 - 0x00007fff1c214000 	C:\WINDOWS\SYSTEM32\WINMM.dll
0x00007fff178d0000 - 0x00007fff178da000 	C:\WINDOWS\SYSTEM32\VERSION.dll
0x00007fff20b20000 - 0x00007fff20b8f000 	C:\WINDOWS\System32\WS2_32.dll
0x00007fff1bfe0000 - 0x00007fff1c00d000 	C:\WINDOWS\SYSTEM32\WINMMBASE.dll
0x00007fff1faa0000 - 0x00007fff1faea000 	C:\WINDOWS\System32\cfgmgr32.dll
0x00007fff162b0000 - 0x00007fff162bf000 	C:\Program Files\Android\jdk\microsoft_dist_openjdk_1.8.0.25\jre\bin\verify.dll
0x00007ffefce40000 - 0x00007ffefce69000 	C:\Program Files\Android\jdk\microsoft_dist_openjdk_1.8.0.25\jre\bin\java.dll
0x00007fff03340000 - 0x00007fff03356000 	C:\Program Files\Android\jdk\microsoft_dist_openjdk_1.8.0.25\jre\bin\zip.dll
0x00007fff21000000 - 0x00007fff216e0000 	C:\WINDOWS\System32\SHELL32.dll
0x00007fff21850000 - 0x00007fff218f9000 	C:\WINDOWS\System32\shcore.dll
0x00007fff1ef60000 - 0x00007fff1f6db000 	C:\WINDOWS\System32\windows.storage.dll
0x00007fff1e9c0000 - 0x00007fff1e9df000 	C:\WINDOWS\System32\profapi.dll
0x00007fff1ea00000 - 0x00007fff1ea4a000 	C:\WINDOWS\System32\powrprof.dll
0x00007fff1e990000 - 0x00007fff1e9a0000 	C:\WINDOWS\System32\UMPDC.dll
0x00007fff217f0000 - 0x00007fff21842000 	C:\WINDOWS\System32\shlwapi.dll
0x00007fff1e9e0000 - 0x00007fff1e9f1000 	C:\WINDOWS\System32\kernel.appcore.dll
0x00007fff1ea80000 - 0x00007fff1ea97000 	C:\WINDOWS\System32\cryptsp.dll

VM Arguments:
jvm_args: -Xmx1G 
java_command: C:\Program Files (x86)\Android\android-sdk\build-tools\25.0.3\\lib\dx.jar --dex --no-strict --output obj\Debug\81\android\bin E:\Projects\MyAggieNew\MyAggieNew\MyAggieNew\obj\Debug\81\android\bin\classes.zip C:\Program Files (x86)\Microsoft Visual Studio\2017\Community\Common7\IDE\ReferenceAssemblies\Microsoft\Framework\MonoAndroid\v8.1\mono.android.jar obj\Debug\81\lp\0\jl\bin\classes.jar obj\Debug\81\lp\11\jl\arch-core-common.jar obj\Debug\81\lp\12\jl\arch-lifecycle-common.jar obj\Debug\81\lp\13\jl\bin\classes.jar obj\Debug\81\lp\14\jl\bin\classes.jar obj\Debug\81\lp\16\jl\bin\classes.jar obj\Debug\81\lp\17\jl\bin\classes.jar obj\Debug\81\lp\18\jl\bin\classes.jar obj\Debug\81\lp\19\jl\bin\classes.jar obj\Debug\81\lp\2\jl\bin\classes.jar obj\Debug\81\lp\20\jl\bin\classes.jar obj\Debug\81\lp\21\jl\bin\classes.jar obj\Debug\81\lp\22\jl\bin\classes.jar obj\Debug\81\lp\23\jl\bin\classes.jar obj\Debug\81\lp\24\jl\bin\classes.jar obj\Debug\81\lp\25\jl\bin\classes.jar obj\Debug\81\lp\26\jl\bin\classes.jar obj\Debug\81\lp\27\jl\bin\classes.jar obj\Debug\81\lp\28\jl\bin\classes.jar
java_class_path (initial): C:\Program Files (x86)\Android\android-sdk\build-tools\25.0.3\\lib\dx.jar
Launcher Type: SUN_STANDARD

Environment Variables:
PATH=C:\Program Files\Android\jdk\microsoft_dist_openjdk_1.8.0.25\bin;C:\Program Files (x86)\Common Files\Oracle\Java\javapath;C:\ProgramData\Oracle\Java\javapath;C:\Program Files\Microsoft MPI\Bin\;C:\WINDOWS\system32;C:\WINDOWS;C:\WINDOWS\System32\Wbem;C:\WINDOWS\System32\WindowsPowerShell\v1.0\;C:\Program Files (x86)\ATI Technologies\ATI.ACE\Core-Static;C:\WINDOWS\System32\OpenSSH\;C:\Program Files (x86)\Microsoft SQL Server\140\Tools\Binn\;C:\Program Files\Microsoft SQL Server\140\Tools\Binn\;C:\Program Files (x86)\Microsoft SQL Server\140\DTS\Binn\;C:\Program Files\Microsoft SQL Server\140\DTS\Binn\;C:\Program Files\Microsoft SQL Server\Client SDK\ODBC\130\Tools\Binn\;C:\Program Files\dotnet\;C:\Program Files\Microsoft SQL Server\130\Tools\Binn\;C:\Program Files (x86)\Microsoft SQL Server\Client SDK\ODBC\130\Tools\Binn\;C:\Program Files (x86)\Microsoft SQL Server\130\Tools\Binn\;C:\Program Files (x86)\Microsoft SQL Server\130\DTS\Binn\;C:\Program Files (x86)\Microsoft SQL Server\130\Tools\Binn\ManagementStudio\;C:\Program Files (x86)\Windows Kits\10\Windows Performance Toolkit\;C:\Users\ATLAS4\AppData\Local\Programs\Python\Python37\Scripts\;C:\Users\ATLAS4\AppData\Local\Programs\Python\Python37\;C:\Users\ATLAS4\AppData\Local\Microsoft\WindowsApps;C:\Program Files\wkhtmltopdf\bin;
USERNAME=ATLAS4
OS=Windows_NT
PROCESSOR_IDENTIFIER=Intel64 Family 6 Model 94 Stepping 3, GenuineIntel



---------------  S Y S T E M  ---------------

OS: Windows 10.0 , 64 bit Build 18362 (10.0.18362.86)

CPU:total 8 (initial active 8) (4 cores per cpu, 2 threads per core) family 6 model 94 stepping 3, cmov, cx8, fxsr, mmx, sse, sse2, sse3, ssse3, sse4.1, sse4.2, popcnt, avx, avx2, aes, clmul, erms, rtm, 3dnowpref, lzcnt, ht, tsc, tscinvbit, bmi1, bmi2, adx

Memory: 4k page, physical 16728556k(9193304k free), swap 67060204k(491820k free)

vm_info: OpenJDK 64-Bit Server VM (25.71-b00) for windows-amd64 JRE (1.8.0-25-microsoft-b00), built on Feb  7 2019 20:09:14 by "builder" with MS VC++ 10.0 (VS2010)

time: Fri Jul 05 11:47:35 2019
timezone: India Standard Time
elapsed time: 4 seconds (0d 0h 0m 4s)

